<?xml version="1.0" encoding="UTF-8"?>
<!-- Generated by org.testng.reporters.JUnitReportReporter -->
<testsuite hostname="signity-PC" name="testCases.ExecuteTest" tests="1" failures="0" timestamp="1 Sep 2016 12:54:29 GMT" time="10.139" errors="0">
  <testcase name="testHomePage" time="10.139" classname="testCases.ExecuteTest"/>
</testsuite> <!-- testCases.ExecuteTest -->
