<?xml version="1.0" encoding="UTF-8"?>
<!-- Generated by org.testng.reporters.JUnitReportReporter -->
<testsuite hostname="signity-PC" name="testCases.ExecuteTest" tests="1" failures="0" timestamp="29 Sep 2016 08:24:33 GMT" time="24.485" errors="0">
  <testcase name="testSignUpPage" time="24.485" classname="testCases.ExecuteTest"/>
</testsuite> <!-- testCases.ExecuteTest -->
