<?xml version="1.0" encoding="UTF-8"?>
<!-- Generated by org.testng.reporters.JUnitReportReporter -->
<testsuite hostname="signity-PC" name="testCases.ExecuteTest" tests="1" failures="0" timestamp="19 Sep 2016 10:28:07 GMT" time="9.311" errors="0">
  <testcase name="testSignUpPage" time="9.311" classname="testCases.ExecuteTest"/>
</testsuite> <!-- testCases.ExecuteTest -->
